<?xml version="1.0" encoding="UTF-8"?>
<!-- Generated by org.testng.reporters.JUnitReportReporter -->
<testsuite hostname="Manjiri" failures="0" tests="1" name="test.AddCustomerTest" time="60.324" errors="0" timestamp="2023-12-20T09:39:27 CST" skipped="0">
  <testcase classname="test.AddCustomerTest" name="userShouldBeAbleToAddNewCustomer" time="60.324"/>
</testsuite> <!-- test.AddCustomerTest -->
